{
  "stats": {
    "suites": 1,
    "tests": 1,
    "passes": 1,
    "pending": 0,
    "failures": 0,
    "start": "2025-04-13T04:48:02.771Z",
    "end": "2025-04-13T04:48:09.935Z",
    "duration": 7164,
    "testsRegistered": 1,
    "passPercent": 100,
    "pendingPercent": 0,
    "other": 0,
    "hasOther": false,
    "skipped": 0,
    "hasSkipped": false
  },
  "results": [
    {
      "uuid": "97eb7ed1-8650-4b9a-ae56-938ae261684e",
      "title": "",
      "fullFile": "/Users/sanjeeva/Downloads/typemochasel/typescript_selenium_mocha/src/test/test1.ts",
      "file": "/src/test/test1.ts",
      "beforeHooks": [],
      "afterHooks": [],
      "tests": [],
      "suites": [
        {
          "uuid": "446ba288-ba7a-4602-93b0-4319a3aebce2",
          "title": "Test1",
          "fullFile": "/Users/sanjeeva/Downloads/typemochasel/typescript_selenium_mocha/src/test/test1.ts",
          "file": "/src/test/test1.ts",
          "beforeHooks": [],
          "afterHooks": [],
          "tests": [
            {
              "title": "step1",
              "fullTitle": "Test1 step1",
              "timedOut": false,
              "duration": 7164,
              "state": "passed",
              "speed": "slow",
              "pass": true,
              "fail": false,
              "pending": false,
              "context": null,
              "code": "// const gridUrl = 'http://localhost:4444/wd/hub';\n// const capabilities = {\n//     browserName: 'chrome',\n// };\n// const driver: WebDriver = await new Builder().usingServer(gridUrl).withCapabilities(capabilities).build()\nconst driver = await new Builder().forBrowser('chrome').build();\n\n\nawait driver.manage().setTimeouts({ script: 10000, implicit: 20000, pageLoad: 30000 })\n\nawait driver.get('https://www.flipkart.com');\nawait (await driver.findElement(By.xpath(`//input[@title=\"Search for Products, Brands and More\"]`))).sendKeys(\"iphone 15\")\nawait (await driver.findElement(By.xpath(`//button[@type=\"submit\"]`))).click()\nawait (await driver.findElement(By.xpath(`//div[text()='Apple iPhone 15 (Pink, 128 GB)']`))).click()\nlet windows = await driver.getAllWindowHandles();\nawait driver.switchTo().window(windows[1])\nawait driver.sleep(3000)\nawait (await driver.findElement(By.xpath(`//button[text()='Buy Now']`))).click()\nconsole.log(await driver.getCurrentUrl())\nconsole.log('Passed')",
              "err": {},
              "uuid": "6aff54d4-ce38-448b-96b0-b22b9f98138c",
              "parentUUID": "446ba288-ba7a-4602-93b0-4319a3aebce2",
              "isHook": false,
              "skipped": false
            }
          ],
          "suites": [],
          "passes": [
            "6aff54d4-ce38-448b-96b0-b22b9f98138c"
          ],
          "failures": [],
          "pending": [],
          "skipped": [],
          "duration": 7164,
          "root": false,
          "rootEmpty": false,
          "_timeout": 0
        }
      ],
      "passes": [],
      "failures": [],
      "pending": [],
      "skipped": [],
      "duration": 0,
      "root": true,
      "rootEmpty": true,
      "_timeout": 0
    }
  ],
  "meta": {
    "mocha": {
      "version": "11.1.0"
    },
    "mochawesome": {
      "options": {
        "quiet": false,
        "reportFilename": "mochawesome",
        "saveHtml": true,
        "saveJson": true,
        "consoleReporter": "spec",
        "useInlineDiffs": false,
        "code": true
      },
      "version": "7.1.3"
    },
    "marge": {
      "options": {
        "inline": "true",
        "enableCode": "true"
      },
      "version": "6.2.0"
    }
  }
}